=== Bonahon additivity test ===

For (α, δ, δ'): test i(α, β) = i(δ, β) + i(δ', β) across all β in DB.

-- Cone α (expected: additivity HOLDS) --
  cone (α=13, δ=1, δ'=4): 315/397 pass (79%)
    fail: β=12: i(α,β)=1, i(δ,β)+i(δ',β)=1+2=3
    fail: β=20: i(α,β)=2, i(δ,β)+i(δ',β)=1+3=4
    fail: β=25: i(α,β)=0, i(δ,β)+i(δ',β)=1+1=2
  cone (α=40, δ=1, δ'=5): 369/397 pass (93%)
    fail: β=37: i(α,β)=1, i(δ,β)+i(δ',β)=2+1=3
    fail: β=60: i(α,β)=2, i(δ,β)+i(δ',β)=3+1=4
    fail: β=72: i(α,β)=0, i(δ,β)+i(δ',β)=1+1=2
  cone (α=42, δ=6, δ'=14): 324/397 pass (82%)
    fail: β=20: i(α,β)=2, i(δ,β)+i(δ',β)=3+1=4
    fail: β=30: i(α,β)=4, i(δ,β)+i(δ',β)=5+1=6
    fail: β=39: i(α,β)=1, i(δ,β)+i(δ',β)=1+2=3
  cone (α=68, δ=1, δ'=22): 337/397 pass (85%)
    fail: β=13: i(α,β)=0, i(δ,β)+i(δ',β)=1+1=2
    fail: β=30: i(α,β)=10, i(δ,β)+i(δ',β)=1+11=12
    fail: β=31: i(α,β)=2, i(δ,β)+i(δ',β)=1+3=4
  cone (α=74, δ=6, δ'=1): 365/397 pass (92%)
    fail: β=34: i(α,β)=2, i(δ,β)+i(δ',β)=1+3=4
    fail: β=40: i(α,β)=0, i(δ,β)+i(δ',β)=1+1=2
    fail: β=42: i(α,β)=0, i(δ,β)+i(δ',β)=1+1=2
  cone (α=113, δ=8, δ'=24): 390/397 pass (98%)
    fail: β=25: i(α,β)=0, i(δ,β)+i(δ',β)=1+1=2
    fail: β=73: i(α,β)=1, i(δ,β)+i(δ',β)=2+1=3
    fail: β=154: i(α,β)=1, i(δ,β)+i(δ',β)=1+2=3
  cone (α=121, δ=5, δ'=16): 385/397 pass (97%)
    fail: β=115: i(α,β)=1, i(δ,β)+i(δ',β)=2+1=3
    fail: β=181: i(α,β)=2, i(δ,β)+i(δ',β)=1+3=4
    fail: β=182: i(α,β)=2, i(δ,β)+i(δ',β)=3+1=4
  cone (α=122, δ=6, δ'=17): 377/397 pass (95%)
    fail: β=60: i(α,β)=2, i(δ,β)+i(δ',β)=1+3=4
    fail: β=92: i(α,β)=4, i(δ,β)+i(δ',β)=1+5=6
    fail: β=116: i(α,β)=1, i(δ,β)+i(δ',β)=2+1=3
  cone (α=126, δ=18, δ'=24): 377/397 pass (95%)
    fail: β=59: i(α,β)=2, i(δ,β)+i(δ',β)=3+1=4
    fail: β=72: i(α,β)=0, i(δ,β)+i(δ',β)=1+1=2
    fail: β=91: i(α,β)=4, i(δ,β)+i(δ',β)=5+1=6
  cone (α=127, δ=15, δ'=19): 371/397 pass (93%)
    fail: β=43: i(α,β)=1, i(δ,β)+i(δ',β)=2+1=3
    fail: β=46: i(α,β)=1, i(δ,β)+i(δ',β)=1+2=3
    fail: β=62: i(α,β)=2, i(δ,β)+i(δ',β)=1+3=4
  cone (α=145, δ=4, δ'=48): 394/397 pass (99%)
    fail: β=149: i(α,β)=0, i(δ,β)+i(δ',β)=1+1=2
    fail: β=324: i(α,β)=1, i(δ,β)+i(δ',β)=2+1=3
    fail: β=345: i(α,β)=1, i(δ,β)+i(δ',β)=2+1=3
  cone (α=156, δ=8, δ'=51): 392/397 pass (99%)
    fail: β=136: i(α,β)=1, i(δ,β)+i(δ',β)=1+2=3
    fail: β=149: i(α,β)=0, i(δ,β)+i(δ',β)=1+1=2
    fail: β=170: i(α,β)=0, i(δ,β)+i(δ',β)=1+1=2
  cone (α=170, δ=8, δ'=56): 396/397 pass (100%)
    fail: β=156: i(α,β)=0, i(δ,β)+i(δ',β)=1+1=2
  cone (α=201, δ=1, δ'=65): 346/397 pass (87%)
    fail: β=13: i(α,β)=0, i(δ,β)+i(δ',β)=1+1=2
    fail: β=30: i(α,β)=18, i(δ,β)+i(δ',β)=1+19=20
    fail: β=38: i(α,β)=8, i(δ,β)+i(δ',β)=1+9=10
  cone (α=210, δ=6, δ'=69): 376/397 pass (95%)
    fail: β=42: i(α,β)=0, i(δ,β)+i(δ',β)=1+1=2
    fail: β=94: i(α,β)=10, i(δ,β)+i(δ',β)=1+11=12
    fail: β=99: i(α,β)=2, i(δ,β)+i(δ',β)=1+3=4
  cone (α=212, δ=4, δ'=14): 387/397 pass (97%)
    fail: β=13: i(α,β)=0, i(δ,β)+i(δ',β)=1+1=2
    fail: β=41: i(α,β)=1, i(δ,β)+i(δ',β)=2+1=3
    fail: β=124: i(α,β)=2, i(δ,β)+i(δ',β)=3+1=4
  cone (α=216, δ=14, δ'=15): 369/397 pass (93%)
    fail: β=30: i(α,β)=2, i(δ,β)+i(δ',β)=1+3=4
    fail: β=42: i(α,β)=0, i(δ,β)+i(δ',β)=1+1=2
    fail: β=79: i(α,β)=2, i(δ,β)+i(δ',β)=3+5=8
  cone (α=222, δ=19, δ'=6): 380/397 pass (96%)
    fail: β=92: i(α,β)=2, i(δ,β)+i(δ',β)=3+1=4
    fail: β=108: i(α,β)=2, i(δ,β)+i(δ',β)=1+3=4
    fail: β=122: i(α,β)=0, i(δ,β)+i(δ',β)=1+1=2
  cone (α=322, δ=22, δ'=67): 395/397 pass (99%)
    fail: β=68: i(α,β)=0, i(δ,β)+i(δ',β)=1+1=2
    fail: β=209: i(α,β)=1, i(δ,β)+i(δ',β)=2+1=3
  cone (α=359, δ=15, δ'=114): 392/397 pass (99%)
    fail: β=216: i(α,β)=0, i(δ,β)+i(δ',β)=1+1=2
    fail: β=265: i(α,β)=1, i(δ,β)+i(δ',β)=1+2=3
    fail: β=310: i(α,β)=3, i(δ,β)+i(δ',β)=2+3=5
  cone (α=371, δ=16, δ'=47): 396/397 pass (100%)
    fail: β=355: i(α,β)=1, i(δ,β)+i(δ',β)=2+1=3
  cone (α=373, δ=17, δ'=49): 394/397 pass (99%)
    fail: β=182: i(α,β)=2, i(δ,β)+i(δ',β)=1+3=4
    fail: β=283: i(α,β)=4, i(δ,β)+i(δ',β)=1+5=6
    fail: β=357: i(α,β)=1, i(δ,β)+i(δ',β)=2+1=3
  cone (α=374, δ=18, δ'=50): 393/397 pass (99%)
    fail: β=179: i(α,β)=2, i(δ,β)+i(δ',β)=1+3=4
    fail: β=217: i(α,β)=0, i(δ,β)+i(δ',β)=1+1=2
    fail: β=279: i(α,β)=4, i(δ,β)+i(δ',β)=1+5=6
  cone (α=376, δ=19, δ'=52): 392/397 pass (99%)
    fail: β=130: i(α,β)=1, i(δ,β)+i(δ',β)=2+1=3
    fail: β=140: i(α,β)=1, i(δ,β)+i(δ',β)=1+2=3
    fail: β=184: i(α,β)=2, i(δ,β)+i(δ',β)=1+3=4
  cone (α=386, δ=54, δ'=67): 393/397 pass (99%)
    fail: β=178: i(α,β)=2, i(δ,β)+i(δ',β)=3+1=4
    fail: β=208: i(α,β)=0, i(δ,β)+i(δ',β)=1+1=2
    fail: β=278: i(α,β)=4, i(δ,β)+i(δ',β)=5+1=6
  cone (α=387, δ=18, δ'=135): 388/397 pass (98%)
    fail: β=50: i(α,β)=1, i(δ,β)+i(δ',β)=1+2=3
    fail: β=148: i(α,β)=3, i(δ,β)+i(δ',β)=2+3=5
    fail: β=179: i(α,β)=6, i(δ,β)+i(δ',β)=1+7=8
  cone (α=389, δ=45, δ'=57): 392/397 pass (99%)
    fail: β=131: i(α,β)=1, i(δ,β)+i(δ',β)=2+1=3
    fail: β=142: i(α,β)=1, i(δ,β)+i(δ',β)=1+2=3
    fail: β=190: i(α,β)=2, i(δ,β)+i(δ',β)=1+3=4

  Cone α additivity holds: 0/27

-- G* α (expected: additivity FAILS) --
  G* (α=25, δ=1, δ'=8): 312/397 pass (79%)
    fail: β=10: i(α,β)=2, i(δ,β)+i(δ',β)=1+3=4
    fail: β=13: i(α,β)=0, i(δ,β)+i(δ',β)=1+1=2
    fail: β=22: i(α,β)=1, i(δ,β)+i(δ',β)=1+2=3
  G* (α=72, δ=1, δ'=18): 301/397 pass (76%)
    fail: β=6: i(α,β)=1, i(δ,β)+i(δ',β)=1+2=3
    fail: β=11: i(α,β)=2, i(δ,β)+i(δ',β)=1+3=4
    fail: β=19: i(α,β)=3, i(δ,β)+i(δ',β)=2+3=5
  G* (α=149, δ=4, δ'=51): 387/397 pass (97%)
    fail: β=111: i(α,β)=1, i(δ,β)+i(δ',β)=2+1=3
    fail: β=145: i(α,β)=0, i(δ,β)+i(δ',β)=1+1=2
    fail: β=153: i(α,β)=1, i(δ,β)+i(δ',β)=1+2=3
  G* (α=208, δ=1, δ'=54): 280/397 pass (71%)
    fail: β=6: i(α,β)=3, i(δ,β)+i(δ',β)=1+4=5
    fail: β=11: i(α,β)=6, i(δ,β)+i(δ',β)=1+7=8
    fail: β=18: i(α,β)=1, i(δ,β)+i(δ',β)=1+2=3
  G* (α=217, δ=1, δ'=148): 231/397 pass (58%)
    fail: β=5: i(α,β)=1, i(δ,β)+i(δ',β)=1+2=3
    fail: β=6: i(α,β)=3, i(δ,β)+i(δ',β)=1+4=5
    fail: β=11: i(α,β)=6, i(δ,β)+i(δ',β)=1+7=8
  G* (α=218, δ=1, δ'=49): 244/397 pass (61%)
    fail: β=5: i(α,β)=1, i(δ,β)+i(δ',β)=1+2=3
    fail: β=6: i(α,β)=1, i(δ,β)+i(δ',β)=1+2=3
    fail: β=11: i(α,β)=2, i(δ,β)+i(δ',β)=1+3=4

  G* α additivity holds: 0/6

Wrote C:\Users\12729\Desktop\Math\SpatialMind\experiments\op1_lemma34_bonahon.json
