Computing Betti numbers for 28 target α...
  α=25 k=2 |DL|=8 cat= chordal_only bettis=[1, 0, 0, 0] simp=[8, 18, 16, 5, 0] contractible=True
  α=72 k=2 |DL|=8 cat= chordal_only bettis=[1, 0, 0, 0] simp=[8, 18, 16, 5, 0] contractible=True
  α=149 k=2 |DL|=8 cat= chordal_only bettis=[1, 0, 0, 0] simp=[8, 18, 16, 5, 0] contractible=True
  α=189 k=5 |DL|=9 cat= chordal_only bettis=[1, 0, 0, 0] simp=[9, 22, 23, 11, 2] contractible=True
  α=208 k=2 |DL|=8 cat= chordal_only bettis=[1, 0, 0, 0] simp=[8, 18, 16, 5, 0] contractible=True
  α=217 k=2 |DL|=8 cat= chordal_only bettis=[1, 0, 0, 0] simp=[8, 18, 16, 5, 0] contractible=True
  α=218 k=2 |DL|=8 cat= chordal_only bettis=[1, 0, 0, 0] simp=[8, 18, 16, 5, 0] contractible=True
  α=38 k=4 |DL|=9 cat=    cone_only bettis=[1, 0, 0, 0] simp=[9, 25, 30, 16, 3] contractible=True
  α=88 k=6 |DL|=9 cat=    cone_only bettis=[1, 0, 0, 0] simp=[9, 25, 30, 16, 3] contractible=True
  α=105 k=4 |DL|=8 cat=    cone_only bettis=[1, 0, 0, 0] simp=[8, 22, 27, 15, 3] contractible=True
  α=117 k=4 |DL|=8 cat=    cone_only bettis=[1, 0, 0, 0] simp=[8, 22, 27, 15, 3] contractible=True
  α=118 k=5 |DL|=8 cat=    cone_only bettis=[1, 0, 0, 0] simp=[8, 22, 27, 15, 3] contractible=True
  α=119 k=4 |DL|=8 cat=    cone_only bettis=[1, 0, 0, 0] simp=[8, 22, 27, 15, 3] contractible=True
  α=186 k=6 |DL|=8 cat=    cone_only bettis=[1, 0, 0, 0] simp=[8, 22, 27, 15, 3] contractible=True
  α=3 k=2 |DL|=15 cat=         both bettis=[1, 0, 0, 0] simp=[15, 44, 52, 27, 5] contractible=True
  α=9 k=4 |DL|=14 cat=         both bettis=[1, 0, 0, 0] simp=[14, 39, 44, 22, 4] contractible=True
  α=12 k=3 |DL|=9 cat=         both bettis=[1, 0, 0, 0] simp=[9, 22, 23, 11, 2] contractible=True
  α=26 k=6 |DL|=12 cat=         both bettis=[1, 0, 0, 0] simp=[12, 32, 35, 17, 3] contractible=True
  α=58 k=8 |DL|=8 cat=         both bettis=[1, 0, 0, 0] simp=[8, 20, 22, 11, 2] contractible=True
  α=79 k=12 |DL|=8 cat=         both bettis=[1, 0, 0, 0] simp=[8, 20, 22, 11, 2] contractible=True
  α=90 k=12 |DL|=6 cat=         both bettis=[1, 0, 0, 0] simp=[6, 13, 13, 6, 1] contractible=True
  α=95 k=14 |DL|=6 cat=         both bettis=[1, 0, 0, 0] simp=[6, 13, 13, 6, 1] contractible=True
  α=79 k=12 |DL|=8 cat=         both bettis=[1, 0, 0, 0] simp=[8, 20, 22, 11, 2] contractible=True
  α=90 k=12 |DL|=6 cat=         both bettis=[1, 0, 0, 0] simp=[6, 13, 13, 6, 1] contractible=True
  α=172 k=12 |DL|=6 cat=         both bettis=[1, 0, 0, 0] simp=[6, 13, 13, 6, 1] contractible=True
  α=196 k=12 |DL|=8 cat=         both bettis=[1, 0, 0, 0] simp=[8, 15, 10, 2, 0] contractible=True
  α=239 k=12 |DL|=5 cat=         both bettis=[1, 0, 0, 0] simp=[5, 8, 5, 1, 0] contractible=True
  α=240 k=12 |DL|=5 cat=         both bettis=[1, 0, 0, 0] simp=[5, 8, 5, 1, 0] contractible=True

28/28 are contractible (b_0=1, b_i=0 for i≥1)
  α with non-trivial higher Betti: 0

Wrote C:\Users\12729\Desktop\Math\SpatialMind\experiments\op1_homology.json
