=== (B) Test α = δ + δ' decomposition ===

α= 13 δ=  1 α-δ=[0, 1, 1, 1, 0, 1] → δ'=4 f(δ')=1 i(α,δ')=1 i(δ,δ')=1
α= 40 δ=  1 α-δ=[2, 1, 1, 1, 0, 1] → δ'=5 f(δ')=1 i(α,δ')=1 i(δ,δ')=1
α= 42 δ=  6 α-δ=[1, 0, 1, 1, 1, 2] → δ'=14 f(δ')=1 i(α,δ')=1 i(δ,δ')=1
α= 68 δ=  1 α-δ=[2, 3, 3, 2, 1, 1] → δ'=22 f(δ')=1 i(α,δ')=1 i(δ,δ')=1
α= 74 δ=  6 α-δ=[1, 0, 1, 0, 0, 0] → δ'=1 f(δ')=1 i(α,δ')=1 i(δ,δ')=1
α=113 δ=  8 α-δ=[1, 2, 1, 1, 1, 0] → δ'=24 f(δ')=1 i(α,δ')=1 i(δ,δ')=1
α=121 δ=  5 α-δ=[3, 2, 1, 2, 0, 2] → δ'=16 f(δ')=1 i(α,δ')=1 i(δ,δ')=1
α=122 δ=  6 α-δ=[3, 2, 1, 1, 1, 2] → δ'=17 f(δ')=1 i(α,δ')=1 i(δ,δ')=1
α=126 δ= 18 α-δ=[1, 2, 1, 1, 1, 0] → δ'=24 f(δ')=1 i(α,δ')=1 i(δ,δ')=1
α=127 δ= 15 α-δ=[3, 2, 1, 0, 2, 2] → δ'=19 f(δ')=1 i(α,δ')=1 i(δ,δ')=1
α=145 δ=  4 α-δ=[1, 2, 1, 2, 0, 2] → δ'=48 f(δ')=1 i(α,δ')=1 i(δ,δ')=1
α=156 δ=  8 α-δ=[1, 2, 1, 1, 1, 2] → δ'=51 f(δ')=1 i(α,δ')=1 i(δ,δ')=1
α=170 δ=  8 α-δ=[1, 2, 1, 0, 2, 2] → δ'=56 f(δ')=1 i(α,δ')=1 i(δ,δ')=1
α=201 δ=  1 α-δ=[4, 5, 5, 4, 1, 3] → δ'=65 f(δ')=1 i(α,δ')=1 i(δ,δ')=1
α=210 δ=  6 α-δ=[5, 2, 3, 2, 2, 4] → δ'=69 f(δ')=1 i(α,δ')=1 i(δ,δ')=1
α=212 δ=  4 α-δ=[1, 0, 1, 1, 1, 2] → δ'=14 f(δ')=1 i(α,δ')=1 i(δ,δ')=1
α=216 δ= 14 α-δ=[2, 1, 1, 1, 2, 3] → δ'=15 f(δ')=1 i(α,δ')=1 i(δ,δ')=1
α=222 δ= 19 α-δ=[2, 1, 1, 0, 1, 1] → δ'=6 f(δ')=1 i(α,δ')=1 i(δ,δ')=1
α=322 δ= 22 α-δ=[3, 4, 3, 3, 1, 2] → δ'=67 f(δ')=1 i(α,δ')=1 i(δ,δ')=1
α=359 δ= 15 α-δ=[3, 2, 1, 2, 2, 4] → δ'=114 f(δ')=1 i(α,δ')=1 i(δ,δ')=1
α=371 δ= 16 α-δ=[4, 3, 1, 3, 0, 3] → δ'=47 f(δ')=1 i(α,δ')=1 i(δ,δ')=1
α=373 δ= 17 α-δ=[4, 3, 1, 2, 1, 3] → δ'=49 f(δ')=1 i(α,δ')=1 i(δ,δ')=1
α=374 δ= 18 α-δ=[3, 4, 1, 3, 1, 2] → δ'=50 f(δ')=1 i(α,δ')=1 i(δ,δ')=1
α=376 δ= 19 α-δ=[4, 3, 1, 1, 2, 3] → δ'=52 f(δ')=1 i(α,δ')=1 i(δ,δ')=1
α=386 δ= 54 α-δ=[3, 4, 3, 3, 1, 2] → δ'=67 f(δ')=1 i(α,δ')=1 i(δ,δ')=1
α=387 δ= 18 α-δ=[3, 8, 5, 5, 3, 2] → δ'=135 f(δ')=1 i(α,δ')=1 i(δ,δ')=1
α=389 δ= 45 α-δ=[4, 3, 1, 0, 3, 3] → δ'=57 f(δ')=1 i(α,δ')=1 i(δ,δ')=1

27/27 α decompose as α = δ + δ' with δ' a curve in DB

=== (A) Dehn-twist orbit test ===

Representative α from each signature class: [13, 25, 40, 42, 68, 113, 121, 122, 127, 145, 170, 216, 322, 359]

Dehn-twisted 31 fresh α at k=2
  match original signature: 4/31
  distinct fresh signatures: 12
    sig (6, 12, (5, 5, 4, 4, 3, 3)): 6 α
    sig (7, 15, (6, 5, 5, 5, 3, 3, 3)): 5 α
    sig (9, 21, (8, 8, 4, 4, 4, 4, 4, 3, 3)): 3 α
    sig (7, 15, (6, 6, 4, 4, 4, 3, 3)): 3 α
    sig (8, 18, (6, 6, 6, 6, 3, 3, 3, 3)): 3 α
    sig (4, 6, (3, 3, 3, 3)): 3 α
    sig (10, 24, (9, 9, 4, 4, 4, 4, 4, 4, 3, 3)): 2 α
    sig (8, 18, (7, 7, 4, 4, 4, 4, 3, 3)): 2 α
    sig (11, 26, (10, 10, 4, 4, 4, 4, 4, 4, 3, 3, 2)): 1 α
    sig (6, 11, (5, 5, 4, 3, 3, 2)): 1 α

Wrote C:\Users\12729\Desktop\Math\SpatialMind\experiments\op1_lemma34_extend.json
