Total α with f≥2: 309
Sweep done in 15.3s

  k | n  | chord_only | cone_only | both | neither | disman | σ-exist | σ-cone | DL_size
----|----|------------|-----------|------|---------|--------|---------|--------|--------
   2 | 64 |          6 |         0 |   58 |       0 |     64 |      31 |     19 | [3,15]
   3 | 63 |          0 |         0 |   63 |       0 |     63 |      46 |     36 | [4,11]
   4 | 49 |          0 |         4 |   45 |       0 |     49 |      44 |     26 | [5,14]
   5 | 33 |          1 |         1 |   31 |       0 |     33 |      29 |     16 | [5,11]
   6 | 24 |          0 |         5 |   19 |       0 |     24 |      23 |      8 | [4,12]
   7 | 18 |          0 |         1 |   17 |       0 |     18 |      17 |     10 | [6,11]
   8 | 20 |          0 |         1 |   19 |       0 |     20 |      20 |     14 | [5,11]
   9 |  5 |          0 |         0 |    5 |       0 |      5 |       5 |      2 | [6,10]
  10 |  4 |          0 |         0 |    4 |       0 |      4 |       4 |      3 | [4,9]
  11 |  1 |          0 |         0 |    1 |       0 |      1 |       1 |      1 | [7,7]
  12 | 11 |          0 |         0 |   11 |       0 |     11 |      11 |      3 | [4,8]
  13 |  2 |          0 |         0 |    2 |       0 |      2 |       2 |      0 | [6,7]
  14 |  4 |          0 |         0 |    4 |       0 |      4 |       4 |      0 | [3,6]
  15 |  1 |          0 |         0 |    1 |       0 |      1 |       1 |      0 | [6,6]
  16 |  2 |          0 |         0 |    2 |       0 |      2 |       2 |      1 | [5,6]
  18 |  4 |          0 |         0 |    4 |       0 |      4 |       4 |      2 | [4,6]
  22 |  1 |          0 |         0 |    1 |       0 |      1 |       1 |      0 | [3,3]
  26 |  1 |          0 |         0 |    1 |       0 |      1 |       1 |      0 | [5,5]
  28 |  2 |          0 |         0 |    2 |       0 |      2 |       2 |      0 | [3,5]

TOTAL: 309 α, 309 chordal-or-cone (100.0%), 309 dismantlable (100.0%), 0 neither

Cross-tab category × σ-exists:
   chordal_only: σ-exists=0, σ-fails=7
      cone_only: σ-exists=12, σ-fails=0
           both: σ-exists=236, σ-fails=54
        neither: σ-exists=0, σ-fails=0

Wrote C:\Users\12729\Desktop\Math\SpatialMind\experiments\op1_full_sweep.json
